DB config: interchange.proxy.rlwy.net root railway
node : 
node:events:486
At line:1 char:1
+ node src/index.js 
> start_error2.log 
2>&1
+ ~~~~~~~~~~~~~~~~~~~
~~~~~~~~~~~~~~~~~~~~~
~
    + CategoryInfo   
           : NotSpe  
  cified: (node:ev   
 ents:486:String)    
 [], RemoteExcep    
tion
    + FullyQualified 
   ErrorId : Native  
  CommandError
 
      throw er; // 
Unhandled 'error' 
event
      ^

Error: listen 
EADDRINUSE: address 
already in use 
:::5000
    at Server.setupLi
stenHandle [as 
_listen2] 
(node:net:1940:16)
    at 
listenInCluster 
(node:net:1997:12)
    at Server.listen 
(node:net:2102:7)
    at file:///C:/P3L
%20Projects/p3l-works
pace-88/backend/src/i
ndex.js:266:12
    at ModuleJob.run 
(node:internal/module
s/esm/module_job:413:
25)
    at async onImport
.tracePromise.__proto
__ (node:internal/mod
ules/esm/loader:660:2
6)
    at async asyncRun
EntryPointWithESMLoad
er (node:internal/mod
ules/run_main:101:5)
Emitted 'error' 
event on Server 
instance at:
    at emitErrorNT 
(node:net:1976:8)
    at process.proces
sTicksAndRejections (
node:internal/process
/task_queues:89:21) {
  code: 'EADDRINUSE',
  errno: -4091,
  syscall: 'listen',
  address: '::',
  port: 5000
}

Node.js v24.13.0
